Exception at PC 0x00007FF9C612E132
Attemped to write at address 0x00007FF9834C4AA4
Printing stacktrace...

[0]  [0x00007FF9C612E132]
[1]  [0x00007FF9C612E132]
[2]  [0x00007FF9C612E194]
[3]  [0x00007FF9C5D7D0D7]
[4]  [0x00007FF9C5C62BCA]
[5]  [0x00007FF9C5C62FD1]
[6]  [0x00007FF9C612EB2F]
[7]  [0x00007FF9C5FEC19D]
[8]  [0x00007FF9C5FE5942]
[9]  [0x00007FF9C5FE5AB5]
[10] (RtlActivateActivationContextUnsafeFast+0x127) [0x00007FFA16A3FF57]
[11] (LdrShutdownProcess+0x22a) [0x00007FFA16A5458A]
[12] (RtlExitUserProcess+0xad) [0x00007FFA16A5433D]
[13] (ExitProcess+0xb) [0x00007FFA1574C97B]
[14] (exit+0x8d) [0x00007FFA1552D14D]
[15] (initterm_e+0x25b) [0x00007FFA1552D7CB]
[16]  [0x00000000004014CD]
[17]  [0x000000000040151B]
[18] (BaseThreadInitThunk+0x10) [0x00007FFA157453E0]
[19] (RtlUserThreadStart+0x2b) [0x00007FFA16A0485B]
Done
